<?xml version="1.0" encoding="utf-8"?><testsuites name="pytest tests"><testsuite name="pytest" errors="0" failures="0" skipped="0" tests="2" time="3.799" timestamp="2026-07-16T21:21:55.453579+00:00" hostname="agent-env-82e85aef-7a96-4d84-a6a1-b8079e99c71e"><testcase classname="tests.test_email_suppression_iter4.TestEmailSuppression" name="test_suppressed_template_system_alert_admin" time="2.164" /><testcase classname="tests.test_email_suppression_iter4.TestEmailSuppression" name="test_normal_template_welcome_not_suppressed" time="1.578" /></testsuite></testsuites>