<?xml version="1.0" encoding="utf-8"?><testsuites name="pytest tests"><testsuite name="pytest" errors="0" failures="0" skipped="0" tests="11" time="2.411" timestamp="2026-07-17T23:03:37.133731+00:00" hostname="agent-env-82e85aef-7a96-4d84-a6a1-b8079e99c71e"><testcase classname="tests.test_llm_circuit_breaker.TestHealth" name="test_api_health_via_ingress" time="0.280" /><testcase classname="tests.test_llm_circuit_breaker.TestHealth" name="test_root_health_on_backend_port" time="0.007" /><testcase classname="tests.test_llm_circuit_breaker.TestCircuitBreaker" name="test_rearm_first_to_normalize_state" time="0.510" /><testcase classname="tests.test_llm_circuit_breaker.TestCircuitBreaker" name="test_scaling_status_contains_breaker_fields" time="0.562" /><testcase classname="tests.test_llm_circuit_breaker.TestCircuitBreaker" name="test_rearm_success_with_admin_and_csrf" time="0.064" /><testcase classname="tests.test_llm_circuit_breaker.TestCircuitBreaker" name="test_rearm_without_session_returns_403" time="0.126" /><testcase classname="tests.test_llm_circuit_breaker.TestCircuitBreaker" name="test_rearm_without_csrf_header_returns_403" time="0.066" /><testcase classname="tests.test_llm_circuit_breaker.TestScalingRegression" name="test_scaling_rules" time="0.097" /><testcase classname="tests.test_llm_circuit_breaker.TestScalingRegression" name="test_scaling_history" time="0.060" /><testcase classname="tests.test_llm_circuit_breaker.TestScalingRegression" name="test_scaling_ai_history" time="0.062" /><testcase classname="tests.test_llm_circuit_breaker.TestLLMUsageLog" name="test_llm_usage_log_has_auto_scaling_eval_entries" time="0.504" /></testsuite></testsuites>