<?xml version="1.0" encoding="utf-8"?><testsuites name="pytest tests"><testsuite name="pytest" errors="0" failures="0" skipped="0" tests="7" time="18.130" timestamp="2026-07-18T04:42:51.132426+00:00" hostname="agent-env-82e85aef-7a96-4d84-a6a1-b8079e99c71e"><testcase classname="tests.test_web_regression_iter11" name="test_api_health_returns_200" time="6.131" /><testcase classname="tests.test_web_regression_iter11" name="test_admin_login_sets_httponly_cookie" time="1.210" /><testcase classname="tests.test_web_regression_iter11" name="test_admin_login_returns_admin_role" time="0.385" /><testcase classname="tests.test_web_regression_iter11" name="test_auth_me_with_cookie" time="0.056" /><testcase classname="tests.test_web_regression_iter11" name="test_admin_scaling_status_with_cookie" time="0.571" /><testcase classname="tests.test_web_regression_iter11" name="test_admin_scaling_status_anon_forbidden" time="0.113" /><testcase classname="tests.test_web_regression_iter11" name="test_native_manifest_via_proxy" time="9.589" /></testsuite></testsuites>