<?xml version="1.0" encoding="utf-8"?><testsuites name="pytest tests"><testsuite name="pytest" errors="0" failures="0" skipped="0" tests="12" time="2.920" timestamp="2026-07-23T16:07:44.727699+00:00" hostname="agent-env-82e85aef-7a96-4d84-a6a1-b8079e99c71e"><testcase classname="tests.test_phase3_iap_native_regression_iter14" name="test_health" time="0.147" /><testcase classname="tests.test_phase3_iap_native_regression_iter14" name="test_login_web_cookie_mode" time="0.478" /><testcase classname="tests.test_phase3_iap_native_regression_iter14" name="test_login_native_bearer_mode" time="0.369" /><testcase classname="tests.test_phase3_iap_native_regression_iter14" name="test_iap_products_public_shape" time="0.080" /><testcase classname="tests.test_phase3_iap_native_regression_iter14" name="test_iap_apple_verify_bogus_contract_shape" time="0.613" /><testcase classname="tests.test_phase3_iap_native_regression_iter14" name="test_iap_google_verify_bogus_contract_shape" time="0.263" /><testcase classname="tests.test_phase3_iap_native_regression_iter14" name="test_iap_status_authed" time="0.142" /><testcase classname="tests.test_phase3_iap_native_regression_iter14" name="test_sso_config_native_public" time="0.078" /><testcase classname="tests.test_phase3_iap_native_regression_iter14" name="test_google_native_garbage_token_returns_401" time="0.142" /><testcase classname="tests.test_phase3_iap_native_regression_iter14" name="test_apple_native_garbage_token_returns_401" time="0.072" /><testcase classname="tests.test_phase3_iap_native_regression_iter14" name="test_push_token_register_then_delete" time="0.291" /><testcase classname="tests.test_phase3_iap_native_regression_iter14" name="test_scenarios_bearer_list" time="0.132" /></testsuite></testsuites>