<?xml version="1.0" encoding="utf-8"?><testsuites name="pytest tests"><testsuite name="pytest" errors="0" failures="0" skipped="0" tests="13" time="6.595" timestamp="2026-07-19T22:45:43.543600+00:00" hostname="agent-env-82e85aef-7a96-4d84-a6a1-b8079e99c71e"><testcase classname="tests.test_phase2b_native_mobile_regression" name="test_health" time="0.297" /><testcase classname="tests.test_phase2b_native_mobile_regression" name="test_login_web_cookie_no_body_token" time="0.371" /><testcase classname="tests.test_phase2b_native_mobile_regression" name="test_login_native_bearer_returns_body_token" time="0.316" /><testcase classname="tests.test_phase2b_native_mobile_regression" name="test_native_sso_config_public_shape" time="0.102" /><testcase classname="tests.test_phase2b_native_mobile_regression" name="test_google_native_missing_id_token_400" time="0.107" /><testcase classname="tests.test_phase2b_native_mobile_regression" name="test_google_native_garbage_token_401" time="0.158" /><testcase classname="tests.test_phase2b_native_mobile_regression" name="test_apple_native_missing_identity_token_400" time="0.113" /><testcase classname="tests.test_phase2b_native_mobile_regression" name="test_apple_native_garbage_token_401" time="0.108" /><testcase classname="tests.test_phase2b_native_mobile_regression" name="test_auth_me_native_bearer" time="0.115" /><testcase classname="tests.test_phase2b_native_mobile_regression" name="test_scenarios_bearer_returns_list" time="0.117" /><testcase classname="tests.test_phase2b_native_mobile_regression" name="test_voice_message_audio_format_accepted" time="0.109" /><testcase classname="tests.test_phase2b_native_mobile_regression" name="test_push_token_register_then_delete" time="0.217" /><testcase classname="tests.test_phase2b_native_mobile_regression" name="test_coaching_start_and_message" time="4.386" /></testsuite></testsuites>