<?xml version="1.0" encoding="utf-8"?><testsuites name="pytest tests"><testsuite name="pytest" errors="0" failures="0" skipped="0" tests="7" time="3.198" timestamp="2026-07-17T02:51:42.600466+00:00" hostname="agent-env-82e85aef-7a96-4d84-a6a1-b8079e99c71e"><testcase classname="tests.import_verification.test_import_bringup" name="test_health" time="0.103" /><testcase classname="tests.import_verification.test_import_bringup" name="test_register_new_user" time="0.857" /><testcase classname="tests.import_verification.test_import_bringup" name="test_login_new_user_sets_cookie" time="0.387" /><testcase classname="tests.import_verification.test_import_bringup" name="test_admin_login_and_me" time="0.390" /><testcase classname="tests.import_verification.test_import_bringup" name="test_openapi_requires_admin_401_anon" time="0.055" /><testcase classname="tests.import_verification.test_import_bringup" name="test_openapi_admin_200" time="1.305" /><testcase classname="tests.import_verification.test_import_bringup" name="test_admin_endpoint_accessible" time="0.049" /></testsuite></testsuites>