<?xml version="1.0" encoding="utf-8"?><testsuites name="pytest tests"><testsuite name="pytest" errors="0" failures="0" skipped="0" tests="7" time="2.382" timestamp="2026-07-17T04:21:11.510988+00:00" hostname="agent-env-82e85aef-7a96-4d84-a6a1-b8079e99c71e"><testcase classname="tests.import_verification.test_import_bringup" name="test_health" time="0.124" /><testcase classname="tests.import_verification.test_import_bringup" name="test_register_new_user" time="0.997" /><testcase classname="tests.import_verification.test_import_bringup" name="test_login_new_user_sets_cookie" time="0.386" /><testcase classname="tests.import_verification.test_import_bringup" name="test_admin_login_and_me" time="0.396" /><testcase classname="tests.import_verification.test_import_bringup" name="test_openapi_requires_admin_401_anon" time="0.086" /><testcase classname="tests.import_verification.test_import_bringup" name="test_openapi_admin_200" time="0.284" /><testcase classname="tests.import_verification.test_import_bringup" name="test_admin_endpoint_accessible" time="0.050" /></testsuite></testsuites>